h2	helpcontent2 :    L10N:l10n xmlhelp NULL
h2	helpcontent2                                           usr1  - all helpcontent2_mkout helpcontent2_aux NULL
h2	helpcontent2\prj                                       get   - all helpcontent2_prj helpcontent2_aux NULL
h2	helpcontent2\source\text\sbasic\guide                  nmake - all helpcontent2_sbas_guid helpcontent2_aux NULL
h2	helpcontent2\source\text\sbasic\shared                 nmake - all helpcontent2_sbas_shar helpcontent2_aux NULL
h2	helpcontent2\source\text\sbasic\shared\01              nmake - all helpcontent2_sbas_shar_01 helpcontent2_aux NULL
h2	helpcontent2\source\text\sbasic\shared\02              nmake - all helpcontent2_sbas_shar_02 helpcontent2_aux NULL
h2	helpcontent2\source\text\scalc                         nmake - all helpcontent2_scal helpcontent2_aux NULL
h2	helpcontent2\source\text\scalc\00                      nmake - all helpcontent2_scal_00 helpcontent2_aux NULL
h2	helpcontent2\source\text\scalc\01                      nmake - all helpcontent2_scal_01 helpcontent2_aux NULL
h2	helpcontent2\source\text\scalc\02                      nmake - all helpcontent2_scal_02 helpcontent2_aux NULL
h2	helpcontent2\source\text\scalc\04                      nmake - all helpcontent2_scal_04 helpcontent2_aux NULL
h2	helpcontent2\source\text\scalc\05                      nmake - all helpcontent2_scal_05 helpcontent2_aux NULL
h2	helpcontent2\source\text\scalc\guide                   nmake - all helpcontent2_scal_guid helpcontent2_aux NULL
h2	helpcontent2\source\text\schart                        nmake - all helpcontent2_scha helpcontent2_aux NULL
h2	helpcontent2\source\text\schart\00                     nmake - all helpcontent2_scha_00 helpcontent2_aux NULL
h2	helpcontent2\source\text\schart\01                     nmake - all helpcontent2_scha_01 helpcontent2_aux NULL
h2	helpcontent2\source\text\schart\02                     nmake - all helpcontent2_scha_02 helpcontent2_aux NULL
h2	helpcontent2\source\text\schart\04                     nmake - all helpcontent2_scha_04 helpcontent2_aux NULL
h2	helpcontent2\source\text\sdraw                         nmake - all helpcontent2_sdra helpcontent2_aux NULL
h2	helpcontent2\source\text\sdraw\00                      nmake - all helpcontent2_sdra_00 helpcontent2_aux NULL
h2	helpcontent2\source\text\sdraw\01                      nmake - all helpcontent2_sdra_01 helpcontent2_aux NULL
h2	helpcontent2\source\text\sdraw\04                      nmake - all helpcontent2_sdra_04 helpcontent2_aux NULL
h2	helpcontent2\source\text\sdraw\guide                   nmake - all helpcontent2_sdra_guid helpcontent2_aux NULL
h2	helpcontent2\source\text\shared                        nmake - all helpcontent2_shar helpcontent2_aux NULL
h2	helpcontent2\source\text\shared\00                     nmake - all helpcontent2_shar_00 helpcontent2_aux NULL
h2	helpcontent2\source\text\shared\01                     nmake - all helpcontent2_shar_01 helpcontent2_aux NULL
h2	helpcontent2\source\text\shared\02                     nmake - all helpcontent2_shar_02 helpcontent2_aux NULL
h2	helpcontent2\source\text\shared\04                     nmake - all helpcontent2_shar_04 helpcontent2_aux NULL
h2	helpcontent2\source\text\shared\05                     nmake - all helpcontent2_shar_05 helpcontent2_aux NULL
h2	helpcontent2\source\text\shared\07                     nmake - all helpcontent2_shar_07 helpcontent2_aux NULL
h2	helpcontent2\source\text\shared\autokorr               nmake - all helpcontent2_shar_auko helpcontent2_aux NULL
h2	helpcontent2\source\text\shared\autopi                 nmake - all helpcontent2_shar_aupi helpcontent2_aux NULL
h2	helpcontent2\source\text\shared\explorer\database      nmake - all helpcontent2_shar_expl_data helpcontent2_aux NULL
h2	helpcontent2\source\text\shared\guide                  nmake - all helpcontent2_shar_guid helpcontent2_aux NULL
h2	helpcontent2\source\text\shared\optionen               nmake - all helpcontent2_shar_opti helpcontent2_aux NULL
h2	helpcontent2\source\text\simpress                      nmake - all helpcontent2_simp helpcontent2_aux NULL
h2	helpcontent2\source\text\simpress\00                   nmake - all helpcontent2_simp_00 helpcontent2_aux NULL
h2	helpcontent2\source\text\simpress\01                   nmake - all helpcontent2_simp_01 helpcontent2_aux NULL
h2	helpcontent2\source\text\simpress\02                   nmake - all helpcontent2_simp_02 helpcontent2_aux NULL
h2	helpcontent2\source\text\simpress\04                   nmake - all helpcontent2_simp_04 helpcontent2_aux NULL
h2	helpcontent2\source\text\simpress\guide                nmake - all helpcontent2_simp_guid helpcontent2_aux NULL
h2	helpcontent2\source\text\smath                         nmake - all helpcontent2_smat helpcontent2_aux NULL
h2	helpcontent2\source\text\smath\00                      nmake - all helpcontent2_smat_00 helpcontent2_aux NULL
h2	helpcontent2\source\text\smath\01                      nmake - all helpcontent2_smat_01 helpcontent2_aux NULL
h2	helpcontent2\source\text\smath\02                      nmake - all helpcontent2_smat_02 helpcontent2_aux NULL
h2	helpcontent2\source\text\smath\04                      nmake - all helpcontent2_smat_04 helpcontent2_aux NULL
h2	helpcontent2\source\text\smath\guide                   nmake - all helpcontent2_smat_guid helpcontent2_aux NULL
h2	helpcontent2\source\text\swriter                       nmake - all helpcontent2_swri helpcontent2_aux NULL
h2	helpcontent2\source\text\swriter\00                    nmake - all helpcontent2_swri_00 helpcontent2_aux NULL
h2	helpcontent2\source\text\swriter\01                    nmake - all helpcontent2_swri_01 helpcontent2_aux NULL
h2	helpcontent2\source\text\swriter\02                    nmake - all helpcontent2_swri_02 helpcontent2_aux NULL
h2	helpcontent2\source\text\swriter\04                    nmake - all helpcontent2_swri_04 helpcontent2_aux NULL
h2	helpcontent2\source\text\swriter\guide                 nmake - all helpcontent2_swri_guid helpcontent2_aux NULL
h2	helpcontent2\util\sbasic                               nmake - all helpcontent2_ut_sbas helpcontent2_aux helpcontent2_sbas_guid helpcontent2_sbas_shar helpcontent2_sbas_shar_01 helpcontent2_sbas_shar_02 helpcontent2_scal helpcontent2_scal_00 helpcontent2_scal_01 helpcontent2_scal_02 helpcontent2_scal_04 helpcontent2_scal_05 helpcontent2_scal_guid helpcontent2_scha helpcontent2_scha_00 helpcontent2_scha_01 helpcontent2_scha_02 helpcontent2_scha_04 helpcontent2_sdra helpcontent2_sdra_00 helpcontent2_sdra_01 helpcontent2_sdra_04 helpcontent2_sdra_guid helpcontent2_shar helpcontent2_shar_00 helpcontent2_shar_01 helpcontent2_shar_02 helpcontent2_shar_04 helpcontent2_shar_05 helpcontent2_shar_07 helpcontent2_shar_auko helpcontent2_shar_aupi helpcontent2_shar_expl_data helpcontent2_shar_guid helpcontent2_shar_opti helpcontent2_simp helpcontent2_simp_00 helpcontent2_simp_01 helpcontent2_simp_02 helpcontent2_simp_04 helpcontent2_simp_guid helpcontent2_smat helpcontent2_smat_00 helpcontent2_smat_01 helpcontent2_smat_02 helpcontent2_smat_04 helpcontent2_smat_guid helpcontent2_swri helpcontent2_swri_00 helpcontent2_swri_01 helpcontent2_swri_02 helpcontent2_swri_04 helpcontent2_swri_guid NULL
h2	helpcontent2\util\schart                               nmake - all helpcontent2_ut_scha helpcontent2_aux helpcontent2_sbas_guid helpcontent2_sbas_shar helpcontent2_sbas_shar_01 helpcontent2_sbas_shar_02 helpcontent2_scal helpcontent2_scal_00 helpcontent2_scal_01 helpcontent2_scal_02 helpcontent2_scal_04 helpcontent2_scal_05 helpcontent2_scal_guid helpcontent2_scha helpcontent2_scha_00 helpcontent2_scha_01 helpcontent2_scha_02 helpcontent2_scha_04 helpcontent2_sdra helpcontent2_sdra_00 helpcontent2_sdra_01 helpcontent2_sdra_04 helpcontent2_sdra_guid helpcontent2_shar helpcontent2_shar_00 helpcontent2_shar_01 helpcontent2_shar_02 helpcontent2_shar_04 helpcontent2_shar_05 helpcontent2_shar_07 helpcontent2_shar_auko helpcontent2_shar_aupi helpcontent2_shar_expl_data helpcontent2_shar_guid helpcontent2_shar_opti helpcontent2_simp helpcontent2_simp_00 helpcontent2_simp_01 helpcontent2_simp_02 helpcontent2_simp_04 helpcontent2_simp_guid helpcontent2_smat helpcontent2_smat_00 helpcontent2_smat_01 helpcontent2_smat_02 helpcontent2_smat_04 helpcontent2_smat_guid helpcontent2_swri helpcontent2_swri_00 helpcontent2_swri_01 helpcontent2_swri_02 helpcontent2_swri_04 helpcontent2_swri_guid NULL
h2	helpcontent2\util\scalc                                nmake - all helpcontent2_ut_scal helpcontent2_aux helpcontent2_sbas_guid helpcontent2_sbas_shar helpcontent2_sbas_shar_01 helpcontent2_sbas_shar_02 helpcontent2_scal helpcontent2_scal_00 helpcontent2_scal_01 helpcontent2_scal_02 helpcontent2_scal_04 helpcontent2_scal_05 helpcontent2_scal_guid helpcontent2_scha helpcontent2_scha_00 helpcontent2_scha_01 helpcontent2_scha_02 helpcontent2_scha_04 helpcontent2_sdra helpcontent2_sdra_00 helpcontent2_sdra_01 helpcontent2_sdra_04 helpcontent2_sdra_guid helpcontent2_shar helpcontent2_shar_00 helpcontent2_shar_01 helpcontent2_shar_02 helpcontent2_shar_04 helpcontent2_shar_05 helpcontent2_shar_07 helpcontent2_shar_auko helpcontent2_shar_aupi helpcontent2_shar_expl_data helpcontent2_shar_guid helpcontent2_shar_opti helpcontent2_simp helpcontent2_simp_00 helpcontent2_simp_01 helpcontent2_simp_02 helpcontent2_simp_04 helpcontent2_simp_guid helpcontent2_smat helpcontent2_smat_00 helpcontent2_smat_01 helpcontent2_smat_02 helpcontent2_smat_04 helpcontent2_smat_guid helpcontent2_swri helpcontent2_swri_00 helpcontent2_swri_01 helpcontent2_swri_02 helpcontent2_swri_04 helpcontent2_swri_guid NULL
h2	helpcontent2\util\sdraw                                nmake - all helpcontent2_ut_sdra helpcontent2_aux helpcontent2_sbas_guid helpcontent2_sbas_shar helpcontent2_sbas_shar_01 helpcontent2_sbas_shar_02 helpcontent2_scal helpcontent2_scal_00 helpcontent2_scal_01 helpcontent2_scal_02 helpcontent2_scal_04 helpcontent2_scal_05 helpcontent2_scal_guid helpcontent2_scha helpcontent2_scha_00 helpcontent2_scha_01 helpcontent2_scha_02 helpcontent2_scha_04 helpcontent2_sdra helpcontent2_sdra_00 helpcontent2_sdra_01 helpcontent2_sdra_04 helpcontent2_sdra_guid helpcontent2_shar helpcontent2_shar_00 helpcontent2_shar_01 helpcontent2_shar_02 helpcontent2_shar_04 helpcontent2_shar_05 helpcontent2_shar_07 helpcontent2_shar_auko helpcontent2_shar_aupi helpcontent2_shar_expl_data helpcontent2_shar_guid helpcontent2_shar_opti helpcontent2_simp helpcontent2_simp_00 helpcontent2_simp_01 helpcontent2_simp_02 helpcontent2_simp_04 helpcontent2_simp_guid helpcontent2_smat helpcontent2_smat_00 helpcontent2_smat_01 helpcontent2_smat_02 helpcontent2_smat_04 helpcontent2_smat_guid helpcontent2_swri helpcontent2_swri_00 helpcontent2_swri_01 helpcontent2_swri_02 helpcontent2_swri_04 helpcontent2_swri_guid NULL
h2	helpcontent2\util\sdatabase                            nmake - all helpcontent2_ut_sdat helpcontent2_aux helpcontent2_sbas_guid helpcontent2_sbas_shar helpcontent2_sbas_shar_01 helpcontent2_sbas_shar_02 helpcontent2_scal helpcontent2_scal_00 helpcontent2_scal_01 helpcontent2_scal_02 helpcontent2_scal_04 helpcontent2_scal_05 helpcontent2_scal_guid helpcontent2_scha helpcontent2_scha_00 helpcontent2_scha_01 helpcontent2_scha_02 helpcontent2_scha_04 helpcontent2_sdra helpcontent2_sdra_00 helpcontent2_sdra_01 helpcontent2_sdra_04 helpcontent2_sdra_guid helpcontent2_shar helpcontent2_shar_00 helpcontent2_shar_01 helpcontent2_shar_02 helpcontent2_shar_04 helpcontent2_shar_05 helpcontent2_shar_07 helpcontent2_shar_auko helpcontent2_shar_aupi helpcontent2_shar_expl_data helpcontent2_shar_guid helpcontent2_shar_opti helpcontent2_simp helpcontent2_simp_00 helpcontent2_simp_01 helpcontent2_simp_02 helpcontent2_simp_04 helpcontent2_simp_guid helpcontent2_smat helpcontent2_smat_00 helpcontent2_smat_01 helpcontent2_smat_02 helpcontent2_smat_04 helpcontent2_smat_guid helpcontent2_swri helpcontent2_swri_00 helpcontent2_swri_01 helpcontent2_swri_02 helpcontent2_swri_04 helpcontent2_swri_guid NULL
h2	helpcontent2\util\shared                               nmake - all helpcontent2_ut_shar helpcontent2_aux helpcontent2_sbas_guid helpcontent2_sbas_shar helpcontent2_sbas_shar_01 helpcontent2_sbas_shar_02 helpcontent2_scal helpcontent2_scal_00 helpcontent2_scal_01 helpcontent2_scal_02 helpcontent2_scal_04 helpcontent2_scal_05 helpcontent2_scal_guid helpcontent2_scha helpcontent2_scha_00 helpcontent2_scha_01 helpcontent2_scha_02 helpcontent2_scha_04 helpcontent2_sdra helpcontent2_sdra_00 helpcontent2_sdra_01 helpcontent2_sdra_04 helpcontent2_sdra_guid helpcontent2_shar helpcontent2_shar_00 helpcontent2_shar_01 helpcontent2_shar_02 helpcontent2_shar_04 helpcontent2_shar_05 helpcontent2_shar_07 helpcontent2_shar_auko helpcontent2_shar_aupi helpcontent2_shar_expl_data helpcontent2_shar_guid helpcontent2_shar_opti helpcontent2_simp helpcontent2_simp_00 helpcontent2_simp_01 helpcontent2_simp_02 helpcontent2_simp_04 helpcontent2_simp_guid helpcontent2_smat helpcontent2_smat_00 helpcontent2_smat_01 helpcontent2_smat_02 helpcontent2_smat_04 helpcontent2_smat_guid helpcontent2_swri helpcontent2_swri_00 helpcontent2_swri_01 helpcontent2_swri_02 helpcontent2_swri_04 helpcontent2_swri_guid NULL
h2	helpcontent2\util\simpress                             nmake - all helpcontent2_ut_simp helpcontent2_aux helpcontent2_sbas_guid helpcontent2_sbas_shar helpcontent2_sbas_shar_01 helpcontent2_sbas_shar_02 helpcontent2_scal helpcontent2_scal_00 helpcontent2_scal_01 helpcontent2_scal_02 helpcontent2_scal_04 helpcontent2_scal_05 helpcontent2_scal_guid helpcontent2_scha helpcontent2_scha_00 helpcontent2_scha_01 helpcontent2_scha_02 helpcontent2_scha_04 helpcontent2_sdra helpcontent2_sdra_00 helpcontent2_sdra_01 helpcontent2_sdra_04 helpcontent2_sdra_guid helpcontent2_shar helpcontent2_shar_00 helpcontent2_shar_01 helpcontent2_shar_02 helpcontent2_shar_04 helpcontent2_shar_05 helpcontent2_shar_07 helpcontent2_shar_auko helpcontent2_shar_aupi helpcontent2_shar_expl_data helpcontent2_shar_guid helpcontent2_shar_opti helpcontent2_simp helpcontent2_simp_00 helpcontent2_simp_01 helpcontent2_simp_02 helpcontent2_simp_04 helpcontent2_simp_guid helpcontent2_smat helpcontent2_smat_00 helpcontent2_smat_01 helpcontent2_smat_02 helpcontent2_smat_04 helpcontent2_smat_guid helpcontent2_swri helpcontent2_swri_00 helpcontent2_swri_01 helpcontent2_swri_02 helpcontent2_swri_04 helpcontent2_swri_guid NULL
h2	helpcontent2\util\smath                                nmake - all helpcontent2_ut_smat helpcontent2_aux helpcontent2_sbas_guid helpcontent2_sbas_shar helpcontent2_sbas_shar_01 helpcontent2_sbas_shar_02 helpcontent2_scal helpcontent2_scal_00 helpcontent2_scal_01 helpcontent2_scal_02 helpcontent2_scal_04 helpcontent2_scal_05 helpcontent2_scal_guid helpcontent2_scha helpcontent2_scha_00 helpcontent2_scha_01 helpcontent2_scha_02 helpcontent2_scha_04 helpcontent2_sdra helpcontent2_sdra_00 helpcontent2_sdra_01 helpcontent2_sdra_04 helpcontent2_sdra_guid helpcontent2_shar helpcontent2_shar_00 helpcontent2_shar_01 helpcontent2_shar_02 helpcontent2_shar_04 helpcontent2_shar_05 helpcontent2_shar_07 helpcontent2_shar_auko helpcontent2_shar_aupi helpcontent2_shar_expl_data helpcontent2_shar_guid helpcontent2_shar_opti helpcontent2_simp helpcontent2_simp_00 helpcontent2_simp_01 helpcontent2_simp_02 helpcontent2_simp_04 helpcontent2_simp_guid helpcontent2_smat helpcontent2_smat_00 helpcontent2_smat_01 helpcontent2_smat_02 helpcontent2_smat_04 helpcontent2_smat_guid helpcontent2_swri helpcontent2_swri_00 helpcontent2_swri_01 helpcontent2_swri_02 helpcontent2_swri_04 helpcontent2_swri_guid NULL
h2	helpcontent2\util\swriter                              nmake - all helpcontent2_ut_swri helpcontent2_aux helpcontent2_sbas_guid helpcontent2_sbas_shar helpcontent2_sbas_shar_01 helpcontent2_sbas_shar_02 helpcontent2_scal helpcontent2_scal_00 helpcontent2_scal_01 helpcontent2_scal_02 helpcontent2_scal_04 helpcontent2_scal_05 helpcontent2_scal_guid helpcontent2_scha helpcontent2_scha_00 helpcontent2_scha_01 helpcontent2_scha_02 helpcontent2_scha_04 helpcontent2_sdra helpcontent2_sdra_00 helpcontent2_sdra_01 helpcontent2_sdra_04 helpcontent2_sdra_guid helpcontent2_shar helpcontent2_shar_00 helpcontent2_shar_01 helpcontent2_shar_02 helpcontent2_shar_04 helpcontent2_shar_05 helpcontent2_shar_07 helpcontent2_shar_auko helpcontent2_shar_aupi helpcontent2_shar_expl_data helpcontent2_shar_guid helpcontent2_shar_opti helpcontent2_simp helpcontent2_simp_00 helpcontent2_simp_01 helpcontent2_simp_02 helpcontent2_simp_04 helpcontent2_simp_guid helpcontent2_smat helpcontent2_smat_00 helpcontent2_smat_01 helpcontent2_smat_02 helpcontent2_smat_04 helpcontent2_smat_guid helpcontent2_swri helpcontent2_swri_00 helpcontent2_swri_01 helpcontent2_swri_02 helpcontent2_swri_04 helpcontent2_swri_guid NULL
h2	helpcontent2\source\auxiliary                          nmake - all helpcontent2_aux NULL
