Build started 5/6/2014 12:42:57 PM.
     1>Project "C:\steve\TestArea\main\expat\expat_deliver.vcxproj" on node 2 (Build target(s)).
     1>Build:
         WinDeliver.bat
         A subdirectory or file ..\solver\410\wntmsci12.pro\inc\external\expat already exists.
         A subdirectory or file ..\solver\410\wntmsci12.pro\lib\x64 already exists.
         0 File(s) copied
         0 File(s) copied
         0 File(s) copied
         0 File(s) copied
         0 File(s) copied
         File not found - libexpat_xmltok.a
         0 File(s) copied
         File not found - libexpat_xmlparse.a
         0 File(s) copied
         File not found - libascii_expat_xmlparse.a
         0 File(s) copied
         File not found - _ooo_st_expat_xmltok.pdb
         0 File(s) copied
         0 File(s) copied
         File not found - _ooo_st_expat_xmlparse.pdb
         0 File(s) copied
         File not found - expat_xmltok.lib
         File not found - expat_xmlparse.lib
         0 File(s) copied
     1>C:\Program Files (x86)\MSBuild\Microsoft.Cpp\v4.0\V110\Microsoft.MakeFile.Targets(38,5): error MSB3073: The command "WinDeliver.bat" exited with code 4.
     1>Done Building Project "C:\steve\TestArea\main\expat\expat_deliver.vcxproj" (Build target(s)) -- FAILED.

Build FAILED.

Time Elapsed 00:00:00.17
